Thu 07 Sep 2023 07:21:32 PM UTC: 
 tests:  0|6
total_score: 0/70
c716bce
Thu 07 Sep 2023 07:32:44 PM UTC: 
 hashmap.c | 6 ++++++
 1 file changed, 6 insertions(+)
In file included from test.c:4:
hashmap.c: In function ‘createMap’:
hashmap.c:55:3: error: unknown type name ‘hashmap’; did you mean ‘HashMap’?
   55 |   hashmap mapa = (hashmap*) malloc(sizeof(hasmap))
      |   ^~~~~~~
      |   HashMap
hashmap.c:55:19: error: ‘hashmap’ undeclared (first use in this function); did you mean ‘HashMap’?
   55 |   hashmap mapa = (hashmap*) malloc(sizeof(hasmap))
      |                   ^~~~~~~
      |                   HashMap
hashmap.c:55:19: note: each undeclared identifier is reported only once for each function it appears in
hashmap.c:55:27: error: expected expression before ‘)’ token
   55 |   hashmap mapa = (hashmap*) malloc(sizeof(hasmap))
      |                           ^
hashmap.c:58:7: error: invalid type argument of ‘->’ (have ‘int’)
   58 |   mapa->size = NULL;
      |       ^~
hashmap.c:59:7: error: invalid type argument of ‘->’ (have ‘int’)
   59 |   mapa->capacity = capacity;
      |       ^~
hashmap.c:60:7: error: invalid type argument of ‘->’ (have ‘int’)
   60 |   mapa->current = NULL;
      |       ^~
Compilation failed
05ad7dd
Thu 07 Sep 2023 07:33:10 PM UTC: 
 hashmap.c | 2 +-
 1 file changed, 1 insertion(+), 1 deletion(-)
In file included from test.c:4:
hashmap.c: In function ‘createMap’:
hashmap.c:55:18: error: invalid initializer
   55 |   HashMap mapa = (HashMap*) malloc(sizeof(HashMap))
      |                  ^
hashmap.c:57:3: error: expected ‘,’ or ‘;’ before ‘mapa’
   57 |   mapa->buckets = NULL;
      |   ^~~~
hashmap.c:58:7: error: invalid type argument of ‘->’ (have ‘HashMap’ {aka ‘struct HashMap’})
   58 |   mapa->size = NULL;
      |       ^~
hashmap.c:59:7: error: invalid type argument of ‘->’ (have ‘HashMap’ {aka ‘struct HashMap’})
   59 |   mapa->capacity = capacity;
      |       ^~
hashmap.c:60:7: error: invalid type argument of ‘->’ (have ‘HashMap’ {aka ‘struct HashMap’})
   60 |   mapa->current = NULL;
      |       ^~
Compilation failed
c3305b4
Thu 07 Sep 2023 07:33:32 PM UTC: 
 hashmap.c | 2 +-
 1 file changed, 1 insertion(+), 1 deletion(-)
In file included from test.c:4:
hashmap.c: In function ‘createMap’:
hashmap.c:57:3: error: expected ‘,’ or ‘;’ before ‘mapa’
   57 |   mapa->buckets = NULL;
      |   ^~~~
hashmap.c:58:14: error: assignment to ‘long int’ from ‘void *’ makes integer from pointer without a cast [-Werror=int-conversion]
   58 |   mapa->size = NULL;
      |              ^
hashmap.c:60:17: error: assignment to ‘long int’ from ‘void *’ makes integer from pointer without a cast [-Werror=int-conversion]
   60 |   mapa->current = NULL;
      |                 ^
cc1: all warnings being treated as errors
Compilation failed
fef14a7
Thu 07 Sep 2023 07:34:09 PM UTC: 
 hashmap.c | 4 ++--
 1 file changed, 2 insertions(+), 2 deletions(-)
In file included from test.c:4:
hashmap.c: In function ‘createMap’:
hashmap.c:57:3: error: expected ‘,’ or ‘;’ before ‘mapa’
   57 |   mapa->buckets = NULL;
      |   ^~~~
Compilation failed
ab154df
Thu 07 Sep 2023 07:34:18 PM UTC: 
 hashmap.c | 2 +-
 1 file changed, 1 insertion(+), 1 deletion(-)
 tests:  0|6
total_score: 0/70
d70783d
Thu 07 Sep 2023 07:34:33 PM UTC: 
 hashmap.c | 2 +-
 1 file changed, 1 insertion(+), 1 deletion(-)
 tests:  0|0
862b132
Thu 07 Sep 2023 07:35:06 PM UTC: 
 hashmap.c | 2 +-
 1 file changed, 1 insertion(+), 1 deletion(-)
In file included from test.c:4:
hashmap.c: In function ‘createMap’:
hashmap.c:62:10: error: incompatible types when returning type ‘HashMap’ {aka ‘struct HashMap’} but ‘HashMap *’ {aka ‘struct HashMap *’} was expected
   62 |   return *mapa;
      |          ^~~~~
hashmap.c:63:1: error: control reaches end of non-void function [-Werror=return-type]
   63 | }
      | ^
cc1: all warnings being treated as errors
Compilation failed
48a1a52
Thu 07 Sep 2023 07:35:28 PM UTC: 
 hashmap.c | 4 ++--
 1 file changed, 2 insertions(+), 2 deletions(-)
In file included from test.c:4:
hashmap.c: In function ‘createMap’:
hashmap.c:57:19: error: expected expression before ‘[’ token
   57 |   mapa->buckets = [NULL][NULL];
      |                   ^
Compilation failed
0160e98
Thu 07 Sep 2023 07:35:40 PM UTC: 
 hashmap.c | 2 +-
 1 file changed, 1 insertion(+), 1 deletion(-)
 tests:  0|0
dfcccf9
Thu 07 Sep 2023 07:36:52 PM UTC: 
 hashmap.c | 2 +-
 1 file changed, 1 insertion(+), 1 deletion(-)
In file included from test.c:4:
hashmap.c: In function ‘createMap’:
hashmap.c:57:19: error: dereferencing ‘void *’ pointer [-Werror]
   57 |   mapa->buckets = *NULL;
      |                   ^
hashmap.c:57:17: error: void value not ignored as it ought to be
   57 |   mapa->buckets = *NULL;
      |                 ^
cc1: all warnings being treated as errors
Compilation failed
1af4a3f
Thu 07 Sep 2023 07:37:17 PM UTC: 
 hashmap.c | 2 +-
 1 file changed, 1 insertion(+), 1 deletion(-)
 tests:  0|0
090e03c
Thu 07 Sep 2023 07:37:39 PM UTC: 
 hashmap.c | 2 +-
 1 file changed, 1 insertion(+), 1 deletion(-)
 tests:  0|0
51d7383
Thu 07 Sep 2023 07:38:48 PM UTC: 
 hashmap.c | 4 ++--
 1 file changed, 2 insertions(+), 2 deletions(-)
In file included from test.c:4:
hashmap.c: In function ‘createMap’:
hashmap.c:57:19: error: expected expression before ‘;’ token
   57 |   mapa->buckets = ;
      |                   ^
Compilation failed
576c67a
Thu 07 Sep 2023 07:40:15 PM UTC: 
 hashmap.c | 2 +-
 1 file changed, 1 insertion(+), 1 deletion(-)
In file included from test.c:4:
hashmap.c: In function ‘createMap’:
hashmap.c:57:20: error: ‘pair’ undeclared (first use in this function); did you mean ‘Pair’?
   57 |   mapa->buckets = (pair*)calloc(capacity, sizeof(pair*));
      |                    ^~~~
      |                    Pair
hashmap.c:57:20: note: each undeclared identifier is reported only once for each function it appears in
hashmap.c:57:25: error: expected expression before ‘)’ token
   57 |   mapa->buckets = (pair*)calloc(capacity, sizeof(pair*));
      |                         ^
Compilation failed
ac8a7ff
Thu 07 Sep 2023 07:40:29 PM UTC: 
 hashmap.c | 2 +-
 1 file changed, 1 insertion(+), 1 deletion(-)
In file included from test.c:4:
hashmap.c: In function ‘createMap’:
hashmap.c:57:20: error: ‘pair’ undeclared (first use in this function); did you mean ‘Pair’?
   57 |   mapa->buckets = (pair*)calloc(capacity, sizeof(Pair*));
      |                    ^~~~
      |                    Pair
hashmap.c:57:20: note: each undeclared identifier is reported only once for each function it appears in
hashmap.c:57:25: error: expected expression before ‘)’ token
   57 |   mapa->buckets = (pair*)calloc(capacity, sizeof(Pair*));
      |                         ^
Compilation failed
3c52189
Thu 07 Sep 2023 07:40:44 PM UTC: 
 hashmap.c | 2 +-
 1 file changed, 1 insertion(+), 1 deletion(-)
In file included from test.c:4:
hashmap.c: In function ‘createMap’:
hashmap.c:57:17: error: assignment to ‘Pair **’ from incompatible pointer type ‘Pair *’ [-Werror=incompatible-pointer-types]
   57 |   mapa->buckets = (Pair*)calloc(capacity, sizeof(Pair*));
      |                 ^
cc1: all warnings being treated as errors
Compilation failed
4f12e43
Thu 07 Sep 2023 07:40:59 PM UTC: 
 hashmap.c | 2 +-
 1 file changed, 1 insertion(+), 1 deletion(-)
 tests:  1|5
total_score: 10/70
4bde390
Thu 07 Sep 2023 07:47:55 PM UTC: 
 hashmap.c | 2 +-
 1 file changed, 1 insertion(+), 1 deletion(-)
In file included from test.c:4:
hashmap.c: In function ‘insertMap’:
hashmap.c:43:8: error: unused variable ‘posicion’ [-Werror=unused-variable]
   43 |   long posicion = hash(key,map->capacity);
      |        ^~~~~~~~
cc1: all warnings being treated as errors
Compilation failed
d0b1970
Thu 07 Sep 2023 07:51:14 PM UTC: 
 hashmap.c | 4 +++-
 1 file changed, 3 insertions(+), 1 deletion(-)
In file included from test.c:4:
hashmap.c: In function ‘insertMap’:
hashmap.c:43:9: error: expected expression before ‘)’ token
   43 |   while()
      |         ^
Compilation failed
f88cc17
Thu 07 Sep 2023 07:51:21 PM UTC: 
 hashmap.c | 2 +-
 1 file changed, 1 insertion(+), 1 deletion(-)
 tests:  1|5
total_score: 10/70
71c07b8
Thu 07 Sep 2023 07:53:12 PM UTC: 
 hashmap.c | 7 +++----
 1 file changed, 3 insertions(+), 4 deletions(-)
In file included from test.c:4:
hashmap.c: In function ‘insertMap’:
hashmap.c:43:22: error: ‘posicion’ undeclared (first use in this function)
   43 |   while(map->buckets[posicion] != NULL){
      |                      ^~~~~~~~
hashmap.c:43:22: note: each undeclared identifier is reported only once for each function it appears in
hashmap.c:44:10: error: unused variable ‘posicion’ [-Werror=unused-variable]
   44 |     long posicion = hash(key,map->capacity);
      |          ^~~~~~~~
cc1: all warnings being treated as errors
Compilation failed
749d65d
Thu 07 Sep 2023 07:54:32 PM UTC: 
 hashmap.c | 5 +++--
 1 file changed, 3 insertions(+), 2 deletions(-)
In file included from test.c:4:
hashmap.c: In function ‘insertMap’:
hashmap.c:44:3: error: expected ‘=’, ‘,’, ‘;’, ‘asm’ or ‘__attribute__’ before ‘while’
   44 |   while(map->buckets[posicion]->value != NULL){
      |   ^~~~~
hashmap.c:44:22: error: ‘posicion’ undeclared (first use in this function)
   44 |   while(map->buckets[posicion]->value != NULL){
      |                      ^~~~~~~~
hashmap.c:44:22: note: each undeclared identifier is reported only once for each function it appears in
Compilation failed
04a5c3c
Thu 07 Sep 2023 07:55:04 PM UTC: 
 hashmap.c | 2 +-
 1 file changed, 1 insertion(+), 1 deletion(-)
In file included from test.c:4:
hashmap.c: In function ‘insertMap’:
hashmap.c:44:21: error: ‘posicion’ is used uninitialized [-Werror=uninitialized]
   44 |   while(map->buckets[posicion]->value != NULL){
      |                     ^
cc1: all warnings being treated as errors
Compilation failed
7561454
Thu 07 Sep 2023 07:55:47 PM UTC: 
 hashmap.c | 2 +-
 1 file changed, 1 insertion(+), 1 deletion(-)
In file included from test.c:4:
hashmap.c: In function ‘insertMap’:
hashmap.c:44:21: error: ‘posicion’ is used uninitialized [-Werror=uninitialized]
   44 |   while(map->buckets[posicion] != NULL){
      |                     ^
cc1: all warnings being treated as errors
Compilation failed
255ecea
Thu 07 Sep 2023 07:57:50 PM UTC: 
 hashmap.c | 7 ++++---
 1 file changed, 4 insertions(+), 3 deletions(-)
 tests:  1|5
total_score: 10/70
643b5cd
Thu 07 Sep 2023 08:02:22 PM UTC: 
 hashmap.c | 6 +++++-
 1 file changed, 5 insertions(+), 1 deletion(-)
 tests:  5|4
total_score: 30/70
756e289
Fri 08 Sep 2023 09:24:50 PM UTC: 
 hashmap.c | 12 +++++++++++-
 1 file changed, 11 insertions(+), 1 deletion(-)
 tests:  5|4
total_score: 30/70
c3817bf
Fri 08 Sep 2023 09:27:15 PM UTC: 
 hashmap.c | 7 ++++---
 1 file changed, 4 insertions(+), 3 deletions(-)
test.c: In function ‘searchMap’:
test.c:453:5: error: ‘main’ is normally a non-static function [-Werror=main]
  453 | int main( int argc, char *argv[] ) {
      |     ^~~~
test.c:511:1: error: expected declaration or statement at end of input
  511 | }
      | ^
test.c:512: error: control reaches end of non-void function [-Werror=return-type]
At top level:
test.c:453:5: error: ‘main’ defined but not used [-Werror=unused-function]
  453 | int main( int argc, char *argv[] ) {
      |     ^~~~
test.c:217:5: error: ‘insert_test5’ defined but not used [-Werror=unused-function]
  217 | int insert_test5(){ //factor de carga>0.7, se llama a función enlarge
      |     ^~~~~~~~~~~~
test.c:131:6: error: ‘compare_test’ defined but not used [-Werror=unused-function]
  131 | void compare_test(){
      |      ^~~~~~~~~~~~
test.c:125:6: error: ‘hash_test3’ defined but not used [-Werror=unused-function]
  125 | void hash_test3(){ //no random
      |      ^~~~~~~~~~
test.c:111:6: error: ‘hash_test2’ defined but not used [-Werror=unused-function]
  111 | void hash_test2(){ // colisiones
      |      ^~~~~~~~~~
test.c:100:6: error: ‘hash_test1’ defined but not used [-Werror=unused-function]
  100 | void hash_test1(){ // posición válida
      |      ^~~~~~~~~~
cc1: all warnings being treated as errors
Compilation failed
a37f077
Fri 08 Sep 2023 09:27:33 PM UTC: 
 hashmap.c | 2 +-
 1 file changed, 1 insertion(+), 1 deletion(-)
 tests:  5|4
total_score: 30/70
0d86f50
Fri 08 Sep 2023 09:28:18 PM UTC: 
 hashmap.c | 6 ------
 1 file changed, 6 deletions(-)
 tests:  5|4
total_score: 30/70
50e0a52
Fri 08 Sep 2023 09:33:21 PM UTC: 
 hashmap.c | 8 +++++++-
 1 file changed, 7 insertions(+), 1 deletion(-)
 tests:  0|0
39d1f67
Fri 08 Sep 2023 09:34:33 PM UTC: 
 hashmap.c | 2 +-
 1 file changed, 1 insertion(+), 1 deletion(-)
 tests:  0|0
5df99b4
Fri 08 Sep 2023 09:38:20 PM UTC: 
 hashmap.c | 2 +-
 1 file changed, 1 insertion(+), 1 deletion(-)
 tests:  8|3
total_score: 40/70
276b282
Fri 08 Sep 2023 09:50:13 PM UTC: 
 hashmap.c | 13 +++++++++++++
 1 file changed, 13 insertions(+)
In file included from test.c:4:
hashmap.c: In function ‘eraseMap’:
hashmap.c:80:14: error: ‘return’ with a value, in function returning void [-Werror=return-type]
   80 |       return NULL;
      |              ^~~~
hashmap.c:72:6: note: declared here
   72 | void eraseMap(HashMap * map,  char * key) {
      |      ^~~~~~~~
cc1: all warnings being treated as errors
Compilation failed
3111395
Fri 08 Sep 2023 09:50:57 PM UTC: 
 hashmap.c | 2 +-
 1 file changed, 1 insertion(+), 1 deletion(-)
 tests:  8|3
total_score: 40/70
d6737f3
Fri 08 Sep 2023 09:51:46 PM UTC: 
 hashmap.c | 2 +-
 1 file changed, 1 insertion(+), 1 deletion(-)
 tests:  0|0
d132db4
Fri 08 Sep 2023 09:52:27 PM UTC: 
 hashmap.c | 3 +--
 1 file changed, 1 insertion(+), 2 deletions(-)
 tests:  0|0
9a4b944
Fri 08 Sep 2023 09:58:58 PM UTC: 
 hashmap.c | 2 +-
 1 file changed, 1 insertion(+), 1 deletion(-)
 tests:  11|2
total_score: 50/70
c2b5f91
Fri 08 Sep 2023 10:10:32 PM UTC: 
 hashmap.c | 9 ++++++++-
 1 file changed, 8 insertions(+), 1 deletion(-)
 tests:  12|2
total_score: 50/70
a02eff5
Fri 08 Sep 2023 10:11:00 PM UTC: 
 hashmap.c | 2 +-
 1 file changed, 1 insertion(+), 1 deletion(-)
 tests:  11|2
total_score: 50/70
b088995
Fri 08 Sep 2023 10:11:17 PM UTC: 
 hashmap.c | 2 +-
 1 file changed, 1 insertion(+), 1 deletion(-)
 tests:  12|2
total_score: 50/70
cfd87db
Fri 08 Sep 2023 10:12:57 PM UTC: 
 hashmap.c | 2 --
 1 file changed, 2 deletions(-)
 tests:  12|2
total_score: 50/70
3742365
Fri 08 Sep 2023 10:15:07 PM UTC: 
 hashmap.c | 4 +++-
 1 file changed, 3 insertions(+), 1 deletion(-)
 tests:  0|0
437da61
Fri 08 Sep 2023 10:16:45 PM UTC: 
 hashmap.c | 2 +-
 1 file changed, 1 insertion(+), 1 deletion(-)
 tests:  13|2
total_score: 50/70
03539ea
Fri 08 Sep 2023 10:19:50 PM UTC: 
 hashmap.c | 9 ++++++++-
 1 file changed, 8 insertions(+), 1 deletion(-)
 tests:  15|2
total_score: 50/70
aa9ff4b
Fri 08 Sep 2023 10:22:33 PM UTC: 
 hashmap.c | 4 ++++
 1 file changed, 4 insertions(+)
 tests:  15|2
total_score: 50/70
2f74636
Fri 08 Sep 2023 10:23:32 PM UTC: 
 hashmap.c | 2 +-
 1 file changed, 1 insertion(+), 1 deletion(-)
 tests:  15|2
total_score: 50/70
a7d9d5b
Fri 08 Sep 2023 10:24:49 PM UTC: 
 hashmap.c | 2 +-
 1 file changed, 1 insertion(+), 1 deletion(-)
 tests:  15|2
total_score: 50/70
2b15023
Fri 08 Sep 2023 10:27:07 PM UTC: 
 hashmap.c | 4 ++--
 1 file changed, 2 insertions(+), 2 deletions(-)
 tests:  16|1
total_score: 60/70
b153ef3
Fri 08 Sep 2023 10:27:43 PM UTC: 
 hashmap.c | 2 +-
 1 file changed, 1 insertion(+), 1 deletion(-)
 tests:  16|1
total_score: 60/70
f0eb72f
Fri 08 Sep 2023 11:03:47 PM UTC: 
 hashmap.c | 9 +++++++++
 1 file changed, 9 insertions(+)
 tests:  0|0
fc7fd51
Fri 08 Sep 2023 11:04:26 PM UTC: 
 hashmap.c | 2 +-
 1 file changed, 1 insertion(+), 1 deletion(-)
 tests:  0|0
9b4df94
Fri 08 Sep 2023 11:06:36 PM UTC: 
 hashmap.c | 2 +-
 1 file changed, 1 insertion(+), 1 deletion(-)
 tests:  0|0
ab37724
Fri 08 Sep 2023 11:15:06 PM UTC: 
 hashmap.c | 15 ++++++++++++++-
 1 file changed, 14 insertions(+), 1 deletion(-)
In file included from test.c:4:
hashmap.c: In function ‘enlarge’:
hashmap.c:60:21: error: ‘posicion’ undeclared (first use in this function)
   60 |     if(map->buckets[posicion] != NULL || map->buckets[posicion]->key != NULL))
      |                     ^~~~~~~~
hashmap.c:60:21: note: each undeclared identifier is reported only once for each function it appears in
hashmap.c:60:78: error: expected statement before ‘)’ token
   60 |     if(map->buckets[posicion] != NULL || map->buckets[posicion]->key != NULL))
      |                                                                              ^
hashmap.c:62:39: error: expected expression before ‘]’ token
   62 |       auxBuckets[cont] = map->buckets[];
      |                                       ^
hashmap.c:69:10: error: redeclaration of ‘auxBuckets’ with no linkage
   69 |   Pair** auxBuckets = map->buckets;
      |          ^~~~~~~~~~
hashmap.c:56:10: note: previous declaration of ‘auxBuckets’ with type ‘Pair **’
   56 |   Pair** auxBuckets;
      |          ^~~~~~~~~~
Compilation failed
f29d47c
Fri 08 Sep 2023 11:15:47 PM UTC: 
 hashmap.c | 6 ++----
 1 file changed, 2 insertions(+), 4 deletions(-)
In file included from test.c:4:
hashmap.c: In function ‘enlarge’:
hashmap.c:60:64: error: expected statement before ‘)’ token
   60 |     if(map->buckets[i] != NULL || map->buckets[i]->key != NULL))
      |                                                                ^
Compilation failed
198d5c0
Fri 08 Sep 2023 11:16:20 PM UTC: 
 hashmap.c | 2 +-
 1 file changed, 1 insertion(+), 1 deletion(-)
In file included from test.c:4:
hashmap.c: In function ‘enlarge’:
hashmap.c:62:17: error: ‘auxBuckets’ may be used uninitialized [-Werror=maybe-uninitialized]
   62 |       auxBuckets[cont] = map->buckets[i];
      |                 ^
cc1: all warnings being treated as errors
Compilation failed
f63b0ce
Fri 08 Sep 2023 11:16:59 PM UTC: 
 hashmap.c | 2 +-
 1 file changed, 1 insertion(+), 1 deletion(-)
 tests:  0|0
f2ecc0b
Fri 08 Sep 2023 11:19:22 PM UTC: 
 hashmap.c | 2 +-
 1 file changed, 1 insertion(+), 1 deletion(-)
In file included from test.c:4:
hashmap.c: In function ‘enlarge’:
hashmap.c:62:26: error: incompatible types when assigning to type ‘Pair’ from type ‘Pair *’
   62 |       auxBuckets[cont] = map->buckets[i];
      |                          ^~~
hashmap.c:75:32: error: invalid type argument of ‘->’ (have ‘Pair’)
   75 |     insertMap(map,auxBuckets[i]->key,auxBuckets[i]->value);
      |                                ^~
hashmap.c:75:51: error: invalid type argument of ‘->’ (have ‘Pair’)
   75 |     insertMap(map,auxBuckets[i]->key,auxBuckets[i]->value);
      |                                                   ^~
Compilation failed
38c0ef2
Fri 08 Sep 2023 11:19:39 PM UTC: 
 hashmap.c | 2 +-
 1 file changed, 1 insertion(+), 1 deletion(-)
In file included from test.c:4:
hashmap.c: In function ‘enlarge’:
hashmap.c:62:17: error: ‘auxBuckets’ may be used uninitialized [-Werror=maybe-uninitialized]
   62 |       auxBuckets[cont] = map->buckets[i];
      |                 ^
cc1: all warnings being treated as errors
Compilation failed
7df53e2
Fri 08 Sep 2023 11:20:06 PM UTC: 
 hashmap.c | 2 +-
 1 file changed, 1 insertion(+), 1 deletion(-)
 tests:  0|0
bf1f75e
Fri 08 Sep 2023 11:20:29 PM UTC: 
 hashmap.c | 2 +-
 1 file changed, 1 insertion(+), 1 deletion(-)
In file included from test.c:4:
hashmap.c: In function ‘enlarge’:
hashmap.c:62:24: error: assignment to ‘Pair **’ from incompatible pointer type ‘Pair *’ [-Werror=incompatible-pointer-types]
   62 |       auxBuckets[cont] = map->buckets[i];
      |                        ^
hashmap.c:75:32: error: ‘*auxBuckets[i]’ is a pointer; did you mean to use ‘->’?
   75 |     insertMap(map,auxBuckets[i]->key,auxBuckets[i]->value);
      |                                ^~
      |                                ->
hashmap.c:75:51: error: ‘*auxBuckets[i]’ is a pointer; did you mean to use ‘->’?
   75 |     insertMap(map,auxBuckets[i]->key,auxBuckets[i]->value);
      |                                                   ^~
      |                                                   ->
cc1: all warnings being treated as errors
Compilation failed
825b87d
Fri 08 Sep 2023 11:20:39 PM UTC: 
 hashmap.c | 2 +-
 1 file changed, 1 insertion(+), 1 deletion(-)
 tests:  0|0
1d5a613
Fri 08 Sep 2023 11:22:10 PM UTC: 
 hashmap.c | 2 +-
 1 file changed, 1 insertion(+), 1 deletion(-)
 tests:  0|0
aa21d84
Fri 08 Sep 2023 11:22:43 PM UTC: 
 hashmap.c | 3 +--
 1 file changed, 1 insertion(+), 2 deletions(-)
 tests:  0|0
d294dac
Fri 08 Sep 2023 11:24:07 PM UTC: 
 hashmap.c | 2 +-
 1 file changed, 1 insertion(+), 1 deletion(-)
 tests:  0|0
e8bad06
Fri 08 Sep 2023 11:26:54 PM UTC: 
 hashmap.c | 4 ++--
 1 file changed, 2 insertions(+), 2 deletions(-)
 tests:  0|0
f9b5c5e
Fri 08 Sep 2023 11:30:08 PM UTC: 
 hashmap.c | 10 +++++++---
 1 file changed, 7 insertions(+), 3 deletions(-)
 tests:  0|0
88d61e0
Fri 08 Sep 2023 11:31:16 PM UTC: 
 hashmap.c | 4 ++--
 1 file changed, 2 insertions(+), 2 deletions(-)
 tests:  0|0
fed7bad
Fri 08 Sep 2023 11:42:40 PM UTC: 
 hashmap.c | 4 ++--
 1 file changed, 2 insertions(+), 2 deletions(-)
In file included from test.c:4:
hashmap.c: In function ‘enlarge’:
hashmap.c:56:66: error: expected ‘)’ before ‘;’ token
   56 |   Pair** auxBuckets = (Pair**)calloc(map->capacity, sizeof(Pair*);
      |                                     ~                            ^
      |                                                                  )
hashmap.c:81:1: error: expected ‘,’ or ‘;’ before ‘}’ token
   81 | }
      | ^
test.c:453:5: error: ‘main’ is normally a non-static function [-Werror=main]
  453 | int main( int argc, char *argv[] ) {
      |     ^~~~
test.c:511:1: error: expected declaration or statement at end of input
  511 | }
      | ^
In file included from test.c:4:
hashmap.c:56:10: error: unused variable ‘auxBuckets’ [-Werror=unused-variable]
   56 |   Pair** auxBuckets = (Pair**)calloc(map->capacity, sizeof(Pair*);
      |          ^~~~~~~~~~
At top level:
test.c:453:5: error: ‘main’ defined but not used [-Werror=unused-function]
  453 | int main( int argc, char *argv[] ) {
      |     ^~~~
test.c:217:5: error: ‘insert_test5’ defined but not used [-Werror=unused-function]
  217 | int insert_test5(){ //factor de carga>0.7, se llama a función enlarge
      |     ^~~~~~~~~~~~
test.c:131:6: error: ‘compare_test’ defined but not used [-Werror=unused-function]
  131 | void compare_test(){
      |      ^~~~~~~~~~~~
test.c:125:6: error: ‘hash_test3’ defined but not used [-Werror=unused-function]
  125 | void hash_test3(){ //no random
      |      ^~~~~~~~~~
test.c:111:6: error: ‘hash_test2’ defined but not used [-Werror=unused-function]
  111 | void hash_test2(){ // colisiones
      |      ^~~~~~~~~~
test.c:100:6: error: ‘hash_test1’ defined but not used [-Werror=unused-function]
  100 | void hash_test1(){ // posición válida
      |      ^~~~~~~~~~
cc1: all warnings being treated as errors
Compilation failed
cc68e26
Fri 08 Sep 2023 11:43:14 PM UTC: 
 hashmap.c | 2 +-
 1 file changed, 1 insertion(+), 1 deletion(-)
 tests:  0|0
da75524
Fri 08 Sep 2023 11:44:09 PM UTC: 
 hashmap.c | 5 +++--
 1 file changed, 3 insertions(+), 2 deletions(-)
 tests:  0|0
9ac60ab
